<?xml version="1.0" encoding="UTF-8"?>
<!-- Generated by org.testng.reporters.JUnitXMLReporter -->
<testsuite ignored="27" hostname="STEELERSFAN" failures="2" tests="3" name="Test" time="0.06" errors="0" timestamp="2026-06-13T14:17:57 MST">
  <testcase classname="testnglearning.TestScenario4" name="TestCase02" time="0.009"/>
  <testcase classname="testnglearning.TestScenario4" name="TestCase06" time="0.005">
    <failure type="java.lang.AssertionError" message="expected [5] but found [5]">
      <![CDATA[java.lang.AssertionError: expected [5] but found [5]
at testnglearning.TestScenario4.TestCase06(TestScenario4.java:35)
at java.base/java.util.ArrayList.forEach(ArrayList.java:1596)
... Removed 30 stack frames]]>
    </failure>
  </testcase> <!-- TestCase06 -->
  <testcase classname="testnglearning.TestScenario4" name="TestCase04" time="0.001">
    <failure type="java.lang.AssertionError" message="expected [1] but found [5]">
      <![CDATA[java.lang.AssertionError: expected [1] but found [5]
at testnglearning.TestScenario4.TestCase04(TestScenario4.java:25)
at java.base/java.util.ArrayList.forEach(ArrayList.java:1596)
... Removed 32 stack frames]]>
    </failure>
  </testcase> <!-- TestCase04 -->
  <testcase classname="testnglearning.TestScenario2" name="TestCase_0_1" time="0.0">
    <ignored/>
  </testcase> <!-- TestCase_0_1 -->
  <testcase classname="testnglearning.TestScenario3" name="TestCase_0" time="0.0">
    <ignored/>
  </testcase> <!-- TestCase_0 -->
  <testcase classname="testnglearning.TestScenario1" name="TestCase_1_0" time="0.0">
    <ignored/>
  </testcase> <!-- TestCase_1_0 -->
  <testcase classname="testnglearning.TestScenario1" name="TestCase_0_1" time="0.0">
    <ignored/>
  </testcase> <!-- TestCase_0_1 -->
  <testcase classname="testnglearning.TestScenario3" name="TestCase_1_0" time="0.0">
    <ignored/>
  </testcase> <!-- TestCase_1_0 -->
  <testcase classname="testnglearning.TestScenario2" name="TestCase_1" time="0.0">
    <ignored/>
  </testcase> <!-- TestCase_1 -->
  <testcase classname="testnglearning.TestScenario1" name="TestCase_01" time="0.0">
    <ignored/>
  </testcase> <!-- TestCase_01 -->
  <testcase classname="testnglearning.TestScenario2" name="TestCase_10" time="0.0">
    <ignored/>
  </testcase> <!-- TestCase_10 -->
  <testcase classname="testnglearning.TestScenario1" name="TestCase_1" time="0.0">
    <ignored/>
  </testcase> <!-- TestCase_1 -->
  <testcase classname="testnglearning.TestScenario3" name="TestCase_0_1" time="0.0">
    <ignored/>
  </testcase> <!-- TestCase_0_1 -->
  <testcase classname="testnglearning.TestScenario2" name="TestCase_1_0" time="0.0">
    <ignored/>
  </testcase> <!-- TestCase_1_0 -->
  <testcase classname="testnglearning.TestScenario3" name="TestCase_1" time="0.0">
    <ignored/>
  </testcase> <!-- TestCase_1 -->
  <testcase classname="testnglearning.TestScenario3" name="TestCase_10" time="0.0">
    <ignored/>
  </testcase> <!-- TestCase_10 -->
  <testcase classname="testnglearning.TestScenario2" name="TestCase_0_0" time="0.0">
    <ignored/>
  </testcase> <!-- TestCase_0_0 -->
  <testcase classname="testnglearning.TestScenario1" name="TestCase_0_0" time="0.0">
    <ignored/>
  </testcase> <!-- TestCase_0_0 -->
  <testcase classname="testnglearning.TestScenario1" name="TestCase_1_1" time="0.0">
    <ignored/>
  </testcase> <!-- TestCase_1_1 -->
  <testcase classname="testnglearning.TestScenario4" name="TestCase01" time="0.0">
    <ignored/>
  </testcase> <!-- TestCase01 -->
  <testcase classname="testnglearning.TestScenario3" name="TestCase_1_1" time="0.0">
    <ignored/>
  </testcase> <!-- TestCase_1_1 -->
  <testcase classname="testnglearning.TestScenario1" name="TestCase_10" time="0.0">
    <ignored/>
  </testcase> <!-- TestCase_10 -->
  <testcase classname="testnglearning.TestScenario2" name="TestCase_01" time="0.0">
    <ignored/>
  </testcase> <!-- TestCase_01 -->
  <testcase classname="testnglearning.TestScenario4" name="TestCase05" time="0.0">
    <ignored/>
  </testcase> <!-- TestCase05 -->
  <testcase classname="testnglearning.TestScenario3" name="TestCase_0_0" time="0.0">
    <ignored/>
  </testcase> <!-- TestCase_0_0 -->
  <testcase classname="testnglearning.TestScenario4" name="TestCase03" time="0.0">
    <ignored/>
  </testcase> <!-- TestCase03 -->
  <testcase classname="testnglearning.TestScenario2" name="TestCase_0" time="0.0">
    <ignored/>
  </testcase> <!-- TestCase_0 -->
  <testcase classname="testnglearning.TestScenario3" name="TestCase_01" time="0.0">
    <ignored/>
  </testcase> <!-- TestCase_01 -->
  <testcase classname="testnglearning.TestScenario2" name="TestCase_1_1" time="0.0">
    <ignored/>
  </testcase> <!-- TestCase_1_1 -->
  <testcase classname="testnglearning.TestScenario1" name="TestCase_0" time="0.0">
    <ignored/>
  </testcase> <!-- TestCase_0 -->
</testsuite> <!-- Test -->
