<?xml version="1.0" encoding="UTF-8"?>
<!-- Generated by org.testng.reporters.JUnitXMLReporter -->
<testsuite ignored="0" hostname="STEELERSFAN" failures="0" tests="4" name="Test" time="103.618" errors="0" timestamp="2026-06-25T23:06:43 MST">
  <testcase classname="practicing.framework.testcase.RegistrationScenario" name="RS01_EmptyFullNameRegitrationErrorMessage" time="17.286"/>
  <testcase classname="practicing.framework.testcase.RegistrationScenario" name="RS02_EmptyNewEmailCheckAvailabilityErrorMessage" time="6.451"/>
  <testcase classname="practicing.framework.testcase.RegistrationScenario" name="RS03_AlreadyTakenNewEmailCheckAvailabilityErrorMessage" time="6.497"/>
  <testcase classname="practicing.framework.testcase.RegistrationScenario" name="RS04_EmptyNewEmailRegitrationErrorMessage" time="4.92"/>
</testsuite> <!-- Test -->
