<?xml version="1.0" encoding="UTF-8"?>
<testng-results ignored="0" total="4" passed="4" failed="0" skipped="0">
  <reporter-output>
  </reporter-output>
  <suite started-at="2026-06-25T23:04:59 MST" name="Suite" finished-at="2026-06-25T23:06:43 MST" duration-ms="103618">
    <groups>
    </groups>
    <test started-at="2026-06-25T23:04:59 MST" name="Test" finished-at="2026-06-25T23:06:43 MST" duration-ms="103618">
      <class name="practicing.framework.testcase.RegistrationScenario">
        <test-method is-config="true" signature="LaunchBrowser()[pri:0, instance:practicing.framework.testcase.RegistrationScenario@62ddbd7e]" started-at="2026-06-25T23:04:59 MST" name="LaunchBrowser" finished-at="2026-06-25T23:05:05 MST" duration-ms="5451" status="PASS">
          <reporter-output>
          </reporter-output>
        </test-method> <!-- LaunchBrowser -->
        <test-method signature="RS01_EmptyFullNameRegitrationErrorMessage()[pri:0, instance:practicing.framework.testcase.RegistrationScenario@62ddbd7e]" started-at="2026-06-25T23:05:05 MST" name="RS01_EmptyFullNameRegitrationErrorMessage" finished-at="2026-06-25T23:05:22 MST" duration-ms="17286" status="PASS">
          <reporter-output>
          </reporter-output>
        </test-method> <!-- RS01_EmptyFullNameRegitrationErrorMessage -->
        <test-method is-config="true" signature="CloseBrowser()[pri:0, instance:practicing.framework.testcase.RegistrationScenario@62ddbd7e]" started-at="2026-06-25T23:05:22 MST" name="CloseBrowser" finished-at="2026-06-25T23:05:25 MST" duration-ms="3145" status="PASS">
          <reporter-output>
          </reporter-output>
        </test-method> <!-- CloseBrowser -->
        <test-method is-config="true" signature="LaunchBrowser()[pri:0, instance:practicing.framework.testcase.RegistrationScenario@62ddbd7e]" started-at="2026-06-25T23:05:25 MST" name="LaunchBrowser" finished-at="2026-06-25T23:05:33 MST" duration-ms="7768" status="PASS">
          <reporter-output>
          </reporter-output>
        </test-method> <!-- LaunchBrowser -->
        <test-method signature="RS02_EmptyNewEmailCheckAvailabilityErrorMessage()[pri:0, instance:practicing.framework.testcase.RegistrationScenario@62ddbd7e]" started-at="2026-06-25T23:05:33 MST" name="RS02_EmptyNewEmailCheckAvailabilityErrorMessage" finished-at="2026-06-25T23:05:39 MST" duration-ms="6451" status="PASS">
          <reporter-output>
          </reporter-output>
        </test-method> <!-- RS02_EmptyNewEmailCheckAvailabilityErrorMessage -->
        <test-method is-config="true" signature="CloseBrowser()[pri:0, instance:practicing.framework.testcase.RegistrationScenario@62ddbd7e]" started-at="2026-06-25T23:05:39 MST" name="CloseBrowser" finished-at="2026-06-25T23:05:42 MST" duration-ms="3169" status="PASS">
          <reporter-output>
          </reporter-output>
        </test-method> <!-- CloseBrowser -->
        <test-method is-config="true" signature="LaunchBrowser()[pri:0, instance:practicing.framework.testcase.RegistrationScenario@62ddbd7e]" started-at="2026-06-25T23:05:42 MST" name="LaunchBrowser" finished-at="2026-06-25T23:06:18 MST" duration-ms="35270" status="PASS">
          <reporter-output>
          </reporter-output>
        </test-method> <!-- LaunchBrowser -->
        <test-method signature="RS03_AlreadyTakenNewEmailCheckAvailabilityErrorMessage()[pri:0, instance:practicing.framework.testcase.RegistrationScenario@62ddbd7e]" started-at="2026-06-25T23:06:18 MST" name="RS03_AlreadyTakenNewEmailCheckAvailabilityErrorMessage" finished-at="2026-06-25T23:06:24 MST" duration-ms="6497" status="PASS">
          <reporter-output>
          </reporter-output>
        </test-method> <!-- RS03_AlreadyTakenNewEmailCheckAvailabilityErrorMessage -->
        <test-method is-config="true" signature="CloseBrowser()[pri:0, instance:practicing.framework.testcase.RegistrationScenario@62ddbd7e]" started-at="2026-06-25T23:06:24 MST" name="CloseBrowser" finished-at="2026-06-25T23:06:27 MST" duration-ms="3162" status="PASS">
          <reporter-output>
          </reporter-output>
        </test-method> <!-- CloseBrowser -->
        <test-method is-config="true" signature="LaunchBrowser()[pri:0, instance:practicing.framework.testcase.RegistrationScenario@62ddbd7e]" started-at="2026-06-25T23:06:27 MST" name="LaunchBrowser" finished-at="2026-06-25T23:06:35 MST" duration-ms="7319" status="PASS">
          <reporter-output>
          </reporter-output>
        </test-method> <!-- LaunchBrowser -->
        <test-method signature="RS04_EmptyNewEmailRegitrationErrorMessage()[pri:0, instance:practicing.framework.testcase.RegistrationScenario@62ddbd7e]" started-at="2026-06-25T23:06:35 MST" name="RS04_EmptyNewEmailRegitrationErrorMessage" finished-at="2026-06-25T23:06:40 MST" duration-ms="4920" status="PASS">
          <reporter-output>
          </reporter-output>
        </test-method> <!-- RS04_EmptyNewEmailRegitrationErrorMessage -->
        <test-method is-config="true" signature="CloseBrowser()[pri:0, instance:practicing.framework.testcase.RegistrationScenario@62ddbd7e]" started-at="2026-06-25T23:06:40 MST" name="CloseBrowser" finished-at="2026-06-25T23:06:43 MST" duration-ms="3147" status="PASS">
          <reporter-output>
          </reporter-output>
        </test-method> <!-- CloseBrowser -->
      </class> <!-- practicing.framework.testcase.RegistrationScenario -->
    </test> <!-- Test -->
  </suite> <!-- Suite -->
</testng-results>
