<?xml version="1.0" encoding="UTF-8"?>
<testng-results ignored="0" total="1" passed="1" failed="0" skipped="0">
  <reporter-output>
  </reporter-output>
  <suite started-at="2026-07-08T12:53:38 MST" name="Default suite" finished-at="2026-07-08T12:53:38 MST" duration-ms="466">
    <groups>
    </groups>
    <test started-at="2026-07-08T12:53:38 MST" name="Default test" finished-at="2026-07-08T12:53:38 MST" duration-ms="466">
      <class name="support.beamsss.ReadExcel">
        <test-method signature="getTableListData()[pri:0, instance:support.beamsss.ReadExcel@31190526]" started-at="2026-07-08T12:53:38 MST" name="getTableListData" finished-at="2026-07-08T12:53:38 MST" duration-ms="439" status="PASS">
          <reporter-output>
          </reporter-output>
        </test-method> <!-- getTableListData -->
      </class> <!-- support.beamsss.ReadExcel -->
    </test> <!-- Default test -->
  </suite> <!-- Default suite -->
</testng-results>
