<?xml version="1.0" encoding="UTF-8"?>
<testng-results ignored="0" total="1" passed="1" failed="0" skipped="0">
  <reporter-output>
  </reporter-output>
  <suite started-at="2026-06-26T14:24:13 MST" name="Default suite" finished-at="2026-06-26T14:24:17 MST" duration-ms="4449">
    <groups>
    </groups>
    <test started-at="2026-06-26T14:24:13 MST" name="Default test" finished-at="2026-06-26T14:24:17 MST" duration-ms="4449">
      <class name="finding.elements.FindingElements">
        <test-method signature="ElementalData()[pri:0, instance:finding.elements.FindingElements@31190526]" started-at="2026-06-26T14:24:13 MST" name="ElementalData" finished-at="2026-06-26T14:24:17 MST" duration-ms="4420" status="PASS">
          <reporter-output>
          </reporter-output>
        </test-method> <!-- ElementalData -->
      </class> <!-- finding.elements.FindingElements -->
    </test> <!-- Default test -->
  </suite> <!-- Default suite -->
</testng-results>
