<?xml version="1.0" encoding="UTF-8"?>
<!-- Generated by org.testng.reporters.JUnitReportReporter -->
<testsuite hostname="STEELERSFAN" failures="0" tests="8" name="testnglearning.TestScenario2" time="0.006" errors="0" timestamp="2026-06-12T14:11:07 MST" skipped="0">
  <testcase classname="testnglearning.TestScenario2" name="TestCase_01" time="0.001"/>
  <testcase classname="testnglearning.TestScenario2" name="TestCase_0" time="0.001"/>
  <testcase classname="testnglearning.TestScenario2" name="TestCase_1_0" time="0.001"/>
  <testcase classname="testnglearning.TestScenario2" name="TestCase_10" time="0.000"/>
  <testcase classname="testnglearning.TestScenario2" name="TestCase_0_0" time="0.001"/>
  <testcase classname="testnglearning.TestScenario2" name="TestCase_0_1" time="0.000"/>
  <testcase classname="testnglearning.TestScenario2" name="TestCase_1_1" time="0.002"/>
  <testcase classname="testnglearning.TestScenario2" name="TestCase_1" time="0.000"/>
</testsuite> <!-- testnglearning.TestScenario2 -->
