<?xml version="1.0" encoding="UTF-8"?>
<!-- Generated by org.testng.reporters.JUnitReportReporter -->
<testsuite hostname="STEELERSFAN" failures="0" tests="3" name="selenium.MultiBrowser" time="15.752" errors="0" timestamp="2026-06-16T13:35:57 MST" skipped="0">
  <testcase classname="selenium.MultiBrowser" name="WebTesting" time="4.503"/>
  <testcase classname="selenium.MultiBrowser" name="WebTesting" time="4.422"/>
  <testcase classname="selenium.MultiBrowser" name="WebTesting" time="6.827"/>
</testsuite> <!-- selenium.MultiBrowser -->
