<?xml version="1.0" encoding="UTF-8"?>
<!-- Generated by org.testng.reporters.JUnitReportReporter -->
<testsuite hostname="STEELERSFAN" failures="0" tests="4" name="practicing.framework.testcase.RegistrationScenario" time="103.585" errors="0" timestamp="2026-06-25T23:06:43 MST" skipped="0">
  <testcase classname="practicing.framework.testcase.RegistrationScenario" name="RS02_EmptyNewEmailCheckAvailabilityErrorMessage" time="17.364"/>
  <testcase classname="practicing.framework.testcase.RegistrationScenario" name="RS04_EmptyNewEmailRegitrationErrorMessage" time="15.408"/>
  <testcase classname="practicing.framework.testcase.RegistrationScenario" name="RS01_EmptyFullNameRegitrationErrorMessage" time="25.899"/>
  <testcase classname="practicing.framework.testcase.RegistrationScenario" name="RS03_AlreadyTakenNewEmailCheckAvailabilityErrorMessage" time="44.914"/>
</testsuite> <!-- practicing.framework.testcase.RegistrationScenario -->
